<?xml version="1.0" encoding="UTF-8"?>
<!-- Generated by org.testng.reporters.JUnitReportReporter -->
<testsuite hostname="VINAYS" failures="0" tests="2" name="com.mytests.Notepad" time="19.468" errors="0" timestamp="2025-04-26T12:45:01 IST" skipped="0">
  <testcase classname="com.mytests.Notepad" name="enterText" time="13.733"/>
  <testcase classname="com.mytests.Notepad" name="checkHelpAboutNowTest" time="5.735"/>
</testsuite> <!-- com.mytests.Notepad -->
